INFO - Server gestartet.
INFO - Anforderung eines Kontoobjektes mit der Nummer: 0000
INFO - SQL-Statement ausgeführt: SELECT * FROM account WHERE  number = '0000'
INFO - SQL-Statement ausgeführt: SELECT * FROM account WHERE  number = '0000'
INFO - SQL-Statement ausgeführt: SELECT * FROM account WHERE  number = '1017'
INFO - SQL-Statement ausgeführt: SELECT * FROM account WHERE  number = '1016'
INFO - SQL-Statement ausgeführt: SELECT * FROM account WHERE  number = '1015'
INFO - SQL-Statement ausgeführt: SELECT * FROM account WHERE  number = '1014'
INFO - SQL-Statement ausgeführt: SELECT * FROM account WHERE  number = '1013'
INFO - SQL-Statement ausgeführt: SELECT * FROM account WHERE  number = '1012'
INFO - SQL-Statement ausgeführt: SELECT * FROM account WHERE  number = '1011'
INFO - SQL-Statement ausgeführt: SELECT * FROM account WHERE  number = '1010'
INFO - SQL-Statement ausgeführt: SELECT * FROM account WHERE  number = '1009'
INFO - SQL-Statement ausgeführt: SELECT * FROM account WHERE  number = '1008'
INFO - SQL-Statement ausgeführt: SELECT * FROM account WHERE  number = '1007'
INFO - SQL-Statement ausgeführt: SELECT * FROM account WHERE  number = '1006'
INFO - SQL-Statement ausgeführt: SELECT * FROM account WHERE  number = '1005'
INFO - SQL-Statement ausgeführt: SELECT * FROM account WHERE  number = '1004'
INFO - SQL-Statement ausgeführt: SELECT * FROM account WHERE  number = '1003'
INFO - SQL-Statement ausgeführt: SELECT * FROM account WHERE  number = '1002'
INFO - SQL-Statement ausgeführt: SELECT * FROM account WHERE  number = '1001'
INFO - SQL-Statement ausgeführt: SELECT * FROM account WHERE  number = '1000'
INFO - Kontoobjekt wurde übermittelt. (0000)
INFO - Anforderung eines Kontoobjektes mit der Nummer: all
ERROR - Die Kontonummer muss aus 4 Zahlen bestehen. (all)
INFO - SQL-Statement ausgeführt: SELECT * FROM account WHERE  number = '0000'
INFO - SQL-Statement ausgeführt: SELECT * FROM account WHERE  number = '1017'
INFO - SQL-Statement ausgeführt: SELECT * FROM account WHERE  number = '0000'
INFO - SQL-Statement ausgeführt: SELECT * FROM account WHERE  number = '1016'
INFO - SQL-Statement ausgeführt: SELECT * FROM account WHERE  number = '0000'
INFO - SQL-Statement ausgeführt: SELECT * FROM account WHERE  number = '1015'
INFO - SQL-Statement ausgeführt: SELECT * FROM account WHERE  number = '0000'
INFO - SQL-Statement ausgeführt: SELECT * FROM account WHERE  number = '1014'
INFO - SQL-Statement ausgeführt: SELECT * FROM account WHERE  number = '0000'
INFO - SQL-Statement ausgeführt: SELECT * FROM account WHERE  number = '1013'
INFO - SQL-Statement ausgeführt: SELECT * FROM account WHERE  number = '0000'
INFO - SQL-Statement ausgeführt: SELECT * FROM account WHERE  number = '1012'
INFO - SQL-Statement ausgeführt: SELECT * FROM account WHERE  number = '0000'
INFO - SQL-Statement ausgeführt: SELECT * FROM account WHERE  number = '1011'
INFO - SQL-Statement ausgeführt: SELECT * FROM account WHERE  number = '0000'
INFO - SQL-Statement ausgeführt: SELECT * FROM account WHERE  number = '1010'
INFO - SQL-Statement ausgeführt: SELECT * FROM account WHERE  number = '0000'
INFO - SQL-Statement ausgeführt: SELECT * FROM account WHERE  number = '1009'
INFO - SQL-Statement ausgeführt: SELECT * FROM account WHERE  number = '0000'
INFO - SQL-Statement ausgeführt: SELECT * FROM account WHERE  number = '1008'
INFO - SQL-Statement ausgeführt: SELECT * FROM account WHERE  number = '0000'
INFO - SQL-Statement ausgeführt: SELECT * FROM account WHERE  number = '1007'
INFO - SQL-Statement ausgeführt: SELECT * FROM account WHERE  number = '0000'
INFO - SQL-Statement ausgeführt: SELECT * FROM account WHERE  number = '1006'
INFO - SQL-Statement ausgeführt: SELECT * FROM account WHERE  number = '0000'
INFO - SQL-Statement ausgeführt: SELECT * FROM account WHERE  number = '1005'
INFO - SQL-Statement ausgeführt: SELECT * FROM account WHERE  number = '0000'
INFO - SQL-Statement ausgeführt: SELECT * FROM account WHERE  number = '1004'
INFO - SQL-Statement ausgeführt: SELECT * FROM account WHERE  number = '0000'
INFO - SQL-Statement ausgeführt: SELECT * FROM account WHERE  number = '1003'
INFO - SQL-Statement ausgeführt: SELECT * FROM account WHERE  number = '0000'
INFO - SQL-Statement ausgeführt: SELECT * FROM account WHERE  number = '1002'
INFO - SQL-Statement ausgeführt: SELECT * FROM account WHERE  number = '0000'
INFO - SQL-Statement ausgeführt: SELECT * FROM account WHERE  number = '1001'
INFO - SQL-Statement ausgeführt: SELECT * FROM account WHERE  number = '0000'
INFO - SQL-Statement ausgeführt: SELECT * FROM account WHERE  number = '1000'
INFO - SQL-Statement ausgeführt: SELECT * FROM account WHERE  number = '0000'
INFO - SQL-Statement ausgeführt: SELECT * FROM account WHERE  number = '1017'
INFO - SQL-Statement ausgeführt: SELECT * FROM account WHERE  number = '0000'
INFO - SQL-Statement ausgeführt: SELECT * FROM account WHERE  number = '1016'
INFO - SQL-Statement ausgeführt: SELECT * FROM account WHERE  number = '0000'
INFO - SQL-Statement ausgeführt: SELECT * FROM account WHERE  number = '1015'
INFO - SQL-Statement ausgeführt: SELECT * FROM account WHERE  number = '0000'
INFO - SQL-Statement ausgeführt: SELECT * FROM account WHERE  number = '1014'
INFO - SQL-Statement ausgeführt: SELECT * FROM account WHERE  number = '0000'
INFO - SQL-Statement ausgeführt: SELECT * FROM account WHERE  number = '1013'
INFO - SQL-Statement ausgeführt: SELECT * FROM account WHERE  number = '0000'
INFO - SQL-Statement ausgeführt: SELECT * FROM account WHERE  number = '1012'
INFO - SQL-Statement ausgeführt: SELECT * FROM account WHERE  number = '0000'
INFO - SQL-Statement ausgeführt: SELECT * FROM account WHERE  number = '1011'
INFO - SQL-Statement ausgeführt: SELECT * FROM account WHERE  number = '0000'
INFO - SQL-Statement ausgeführt: SELECT * FROM account WHERE  number = '1010'
INFO - SQL-Statement ausgeführt: SELECT * FROM account WHERE  number = '0000'
INFO - SQL-Statement ausgeführt: SELECT * FROM account WHERE  number = '1009'
INFO - SQL-Statement ausgeführt: SELECT * FROM account WHERE  number = '0000'
INFO - SQL-Statement ausgeführt: SELECT * FROM account WHERE  number = '1008'
INFO - SQL-Statement ausgeführt: SELECT * FROM account WHERE  number = '0000'
INFO - SQL-Statement ausgeführt: SELECT * FROM account WHERE  number = '1007'
INFO - SQL-Statement ausgeführt: SELECT * FROM account WHERE  number = '0000'
INFO - SQL-Statement ausgeführt: SELECT * FROM account WHERE  number = '1006'
INFO - SQL-Statement ausgeführt: SELECT * FROM account WHERE  number = '0000'
INFO - SQL-Statement ausgeführt: SELECT * FROM account WHERE  number = '1005'
INFO - SQL-Statement ausgeführt: SELECT * FROM account WHERE  number = '0000'
INFO - SQL-Statement ausgeführt: SELECT * FROM account WHERE  number = '1004'
INFO - SQL-Statement ausgeführt: SELECT * FROM account WHERE  number = '0000'
INFO - SQL-Statement ausgeführt: SELECT * FROM account WHERE  number = '1003'
INFO - SQL-Statement ausgeführt: SELECT * FROM account WHERE  number = '0000'
INFO - SQL-Statement ausgeführt: SELECT * FROM account WHERE  number = '1002'
INFO - SQL-Statement ausgeführt: SELECT * FROM account WHERE  number = '0000'
INFO - SQL-Statement ausgeführt: SELECT * FROM account WHERE  number = '1001'
INFO - SQL-Statement ausgeführt: SELECT * FROM account WHERE  number = '0000'
INFO - SQL-Statement ausgeführt: SELECT * FROM account WHERE  number = '1000'
INFO - SQL-Statement ausgeführt: SELECT * FROM account WHERE  number = '0000'
INFO - SQL-Statement ausgeführt: SELECT * FROM account WHERE  number = '1017'
INFO - SQL-Statement ausgeführt: SELECT * FROM account WHERE  number = '0000'
INFO - SQL-Statement ausgeführt: SELECT * FROM account WHERE  number = '1016'
INFO - SQL-Statement ausgeführt: SELECT * FROM account WHERE  number = '0000'
INFO - SQL-Statement ausgeführt: SELECT * FROM account WHERE  number = '1015'
INFO - SQL-Statement ausgeführt: SELECT * FROM account WHERE  number = '0000'
INFO - SQL-Statement ausgeführt: SELECT * FROM account WHERE  number = '1014'
INFO - SQL-Statement ausgeführt: SELECT * FROM account WHERE  number = '0000'
INFO - SQL-Statement ausgeführt: SELECT * FROM account WHERE  number = '1013'
INFO - SQL-Statement ausgeführt: SELECT * FROM account WHERE  number = '0000'
INFO - SQL-Statement ausgeführt: SELECT * FROM account WHERE  number = '1012'
INFO - SQL-Statement ausgeführt: SELECT * FROM account WHERE  number = '0000'
INFO - SQL-Statement ausgeführt: SELECT * FROM account WHERE  number = '1011'
INFO - SQL-Statement ausgeführt: SELECT * FROM account WHERE  number = '0000'
INFO - SQL-Statement ausgeführt: SELECT * FROM account WHERE  number = '1010'
INFO - SQL-Statement ausgeführt: SELECT * FROM account WHERE  number = '0000'
INFO - SQL-Statement ausgeführt: SELECT * FROM account WHERE  number = '1009'
INFO - SQL-Statement ausgeführt: SELECT * FROM account WHERE  number = '0000'
INFO - SQL-Statement ausgeführt: SELECT * FROM account WHERE  number = '1008'
INFO - SQL-Statement ausgeführt: SELECT * FROM account WHERE  number = '0000'
INFO - SQL-Statement ausgeführt: SELECT * FROM account WHERE  number = '1007'
INFO - SQL-Statement ausgeführt: SELECT * FROM account WHERE  number = '0000'
INFO - SQL-Statement ausgeführt: SELECT * FROM account WHERE  number = '1006'
INFO - SQL-Statement ausgeführt: SELECT * FROM account WHERE  number = '0000'
INFO - SQL-Statement ausgeführt: SELECT * FROM account WHERE  number = '1005'
INFO - SQL-Statement ausgeführt: SELECT * FROM account WHERE  number = '0000'
INFO - SQL-Statement ausgeführt: SELECT * FROM account WHERE  number = '1004'
INFO - SQL-Statement ausgeführt: SELECT * FROM account WHERE  number = '0000'
INFO - SQL-Statement ausgeführt: SELECT * FROM account WHERE  number = '1003'
INFO - SQL-Statement ausgeführt: SELECT * FROM account WHERE  number = '0000'
INFO - SQL-Statement ausgeführt: SELECT * FROM account WHERE  number = '1002'
INFO - SQL-Statement ausgeführt: SELECT * FROM account WHERE  number = '0000'
INFO - SQL-Statement ausgeführt: SELECT * FROM account WHERE  number = '1001'
INFO - SQL-Statement ausgeführt: SELECT * FROM account WHERE  number = '0000'
INFO - SQL-Statement ausgeführt: SELECT * FROM account WHERE  number = '1000'
INFO - SQL-Statement ausgeführt: SELECT * FROM account WHERE  number = '0000'
INFO - SQL-Statement ausgeführt: SELECT * FROM account WHERE  number = '1017'
INFO - SQL-Statement ausgeführt: SELECT * FROM account WHERE  number = '0000'
INFO - SQL-Statement ausgeführt: SELECT * FROM account WHERE  number = '1016'
INFO - SQL-Statement ausgeführt: SELECT * FROM account WHERE  number = '0000'
INFO - SQL-Statement ausgeführt: SELECT * FROM account WHERE  number = '1015'
INFO - SQL-Statement ausgeführt: SELECT * FROM account WHERE  number = '0000'
INFO - SQL-Statement ausgeführt: SELECT * FROM account WHERE  number = '1014'
INFO - SQL-Statement ausgeführt: SELECT * FROM account WHERE  number = '0000'
INFO - SQL-Statement ausgeführt: SELECT * FROM account WHERE  number = '1013'
INFO - SQL-Statement ausgeführt: SELECT * FROM account WHERE  number = '0000'
INFO - SQL-Statement ausgeführt: SELECT * FROM account WHERE  number = '1012'
INFO - SQL-Statement ausgeführt: SELECT * FROM account WHERE  number = '0000'
INFO - SQL-Statement ausgeführt: SELECT * FROM account WHERE  number = '1011'
INFO - SQL-Statement ausgeführt: SELECT * FROM account WHERE  number = '0000'
INFO - SQL-Statement ausgeführt: SELECT * FROM account WHERE  number = '1010'
INFO - SQL-Statement ausgeführt: SELECT * FROM account WHERE  number = '0000'
INFO - SQL-Statement ausgeführt: SELECT * FROM account WHERE  number = '1009'
INFO - SQL-Statement ausgeführt: SELECT * FROM account WHERE  number = '0000'
INFO - SQL-Statement ausgeführt: SELECT * FROM account WHERE  number = '1008'
INFO - SQL-Statement ausgeführt: SELECT * FROM account WHERE  number = '0000'
INFO - SQL-Statement ausgeführt: SELECT * FROM account WHERE  number = '1007'
INFO - SQL-Statement ausgeführt: SELECT * FROM account WHERE  number = '0000'
INFO - SQL-Statement ausgeführt: SELECT * FROM account WHERE  number = '1006'
INFO - SQL-Statement ausgeführt: SELECT * FROM account WHERE  number = '0000'
INFO - SQL-Statement ausgeführt: SELECT * FROM account WHERE  number = '1005'
INFO - SQL-Statement ausgeführt: SELECT * FROM account WHERE  number = '0000'
INFO - SQL-Statement ausgeführt: SELECT * FROM account WHERE  number = '1004'
INFO - SQL-Statement ausgeführt: SELECT * FROM account WHERE  number = '0000'
INFO - SQL-Statement ausgeführt: SELECT * FROM account WHERE  number = '1003'
INFO - SQL-Statement ausgeführt: SELECT * FROM account WHERE  number = '0000'
INFO - SQL-Statement ausgeführt: SELECT * FROM account WHERE  number = '1002'
INFO - SQL-Statement ausgeführt: SELECT * FROM account WHERE  number = '0000'
INFO - SQL-Statement ausgeführt: SELECT * FROM account WHERE  number = '1001'
INFO - SQL-Statement ausgeführt: SELECT * FROM account WHERE  number = '0000'
INFO - SQL-Statement ausgeführt: SELECT * FROM account WHERE  number = '1000'
